0 verbose cli /usr/local/bin/node /usr/local/bin/npm
1 info using npm@11.2.0
2 info using node@v22.14.0
3 silly config load:file:/usr/local/lib/node_modules/npm/npmrc
4 silly config load:file:/Users/erianedias/Documents/GitHub/cfalingo-app/.npmrc
5 silly config load:file:/Users/erianedias/.npmrc
6 silly config load:file:/usr/local/etc/npmrc
7 verbose title npm install expo-speech
8 verbose argv "install" "expo-speech" "--cache" "./.npm-cache"
9 verbose logfile logs-max:10 dir:/Users/erianedias/Documents/GitHub/cfalingo-app/.npm-cache/_logs/2026-05-10T00_00_11_674Z-
10 verbose logfile /Users/erianedias/Documents/GitHub/cfalingo-app/.npm-cache/_logs/2026-05-10T00_00_11_674Z-debug-0.log
11 silly logfile done cleaning log files
12 silly packumentCache heap:2197815296 maxSize:549453824 maxEntrySize:274726912
13 silly idealTree buildDeps
14 silly fetch manifest expo-speech@*
15 silly packumentCache full:https://registry.npmjs.org/expo-speech cache-miss
16 http fetch GET 200 https://registry.npmjs.org/expo-speech 1125ms (cache miss)
17 silly packumentCache full:https://registry.npmjs.org/expo-speech set size:undefined disposed:false
18 silly fetch manifest expo@~54.0.33
19 silly packumentCache full:https://registry.npmjs.org/expo cache-miss
20 http cache https://registry.npmjs.org/expo 34ms (cache hit)
21 silly packumentCache full:https://registry.npmjs.org/expo set size:3735816 disposed:false
22 silly fetch manifest @expo/dom-webview@*
23 silly packumentCache full:https://registry.npmjs.org/@expo%2fdom-webview cache-miss
24 http cache https://registry.npmjs.org/@expo%2fdom-webview 9ms (cache hit)
25 silly packumentCache full:https://registry.npmjs.org/@expo%2fdom-webview set size:401889 disposed:false
26 silly fetch manifest react@19.1.0
27 silly packumentCache full:https://registry.npmjs.org/react cache-miss
28 http cache https://registry.npmjs.org/react 38ms (cache hit)
29 silly packumentCache full:https://registry.npmjs.org/react set size:6650647 disposed:false
30 silly fetch manifest react-native@0.81.5
31 silly packumentCache full:https://registry.npmjs.org/react-native cache-miss
32 http cache https://registry.npmjs.org/react-native 117ms (cache hit)
33 silly packumentCache full:https://registry.npmjs.org/react-native set size:15254889 disposed:false
34 silly fetch manifest @types/react@^19.1.0
35 silly packumentCache full:https://registry.npmjs.org/@types%2freact cache-miss
36 http cache https://registry.npmjs.org/@types%2freact 20ms (cache hit)
37 silly packumentCache full:https://registry.npmjs.org/@types%2freact set size:2588964 disposed:false
38 silly fetch manifest @expo/metro-runtime@*
39 silly packumentCache full:https://registry.npmjs.org/@expo%2fmetro-runtime cache-miss
40 http cache https://registry.npmjs.org/@expo%2fmetro-runtime 13ms (cache hit)
41 silly packumentCache full:https://registry.npmjs.org/@expo%2fmetro-runtime set size:678505 disposed:false
42 silly fetch manifest react-dom@*
43 silly packumentCache full:https://registry.npmjs.org/react-dom cache-miss
44 http cache https://registry.npmjs.org/react-dom 58ms (cache hit)
45 silly packumentCache full:https://registry.npmjs.org/react-dom set size:8868827 disposed:false
46 silly fetch manifest react@^19.2.6
47 silly packumentCache full:https://registry.npmjs.org/react cache-miss
48 http cache https://registry.npmjs.org/react 68ms (cache hit)
49 silly packumentCache full:https://registry.npmjs.org/react set size:6650647 disposed:false
50 silly fetch manifest react-native-webview@*
51 silly packumentCache full:https://registry.npmjs.org/react-native-webview cache-miss
52 http cache https://registry.npmjs.org/react-native-webview 20ms (cache hit)
53 silly packumentCache full:https://registry.npmjs.org/react-native-webview set size:1355349 disposed:false
54 silly placeDep ROOT expo-speech@55.0.13 OK for: cfalingo-app@1.0.0 want: *
55 silly reify moves {}
56 silly audit bulk request {
56 silly audit   '@0no-co/graphql.web': [ '1.2.0' ],
56 silly audit   '@babel/code-frame': [ '7.10.4', '7.29.0' ],
56 silly audit   '@babel/compat-data': [ '7.29.3' ],
56 silly audit   '@babel/core': [ '7.29.0' ],
56 silly audit   semver: [ '6.3.1', '7.8.0' ],
56 silly audit   '@babel/generator': [ '7.29.1' ],
56 silly audit   '@babel/helper-annotate-as-pure': [ '7.27.3' ],
56 silly audit   '@babel/helper-compilation-targets': [ '7.28.6' ],
56 silly audit   '@babel/helper-create-class-features-plugin': [ '7.29.3' ],
56 silly audit   '@babel/helper-create-regexp-features-plugin': [ '7.28.5' ],
56 silly audit   '@babel/helper-define-polyfill-provider': [ '0.6.8' ],
56 silly audit   '@babel/helper-globals': [ '7.28.0' ],
56 silly audit   '@babel/helper-member-expression-to-functions': [ '7.28.5' ],
56 silly audit   '@babel/helper-module-imports': [ '7.28.6' ],
56 silly audit   '@babel/helper-module-transforms': [ '7.28.6' ],
56 silly audit   '@babel/helper-optimise-call-expression': [ '7.27.1' ],
56 silly audit   '@babel/helper-plugin-utils': [ '7.28.6' ],
56 silly audit   '@babel/helper-remap-async-to-generator': [ '7.27.1' ],
56 silly audit   '@babel/helper-replace-supers': [ '7.28.6' ],
56 silly audit   '@babel/helper-skip-transparent-expression-wrappers': [ '7.27.1' ],
56 silly audit   '@babel/helper-string-parser': [ '7.27.1' ],
56 silly audit   '@babel/helper-validator-identifier': [ '7.28.5' ],
56 silly audit   '@babel/helper-validator-option': [ '7.27.1' ],
56 silly audit   '@babel/helper-wrap-function': [ '7.28.6' ],
56 silly audit   '@babel/helpers': [ '7.29.2' ],
56 silly audit   '@babel/highlight': [ '7.25.9' ],
56 silly audit   '@babel/parser': [ '7.29.3' ],
56 silly audit   '@babel/plugin-proposal-decorators': [ '7.29.0' ],
56 silly audit   '@babel/plugin-proposal-export-default-from': [ '7.27.1' ],
56 silly audit   '@babel/plugin-syntax-async-generators': [ '7.8.4' ],
56 silly audit   '@babel/plugin-syntax-bigint': [ '7.8.3' ],
56 silly audit   '@babel/plugin-syntax-class-properties': [ '7.12.13' ],
56 silly audit   '@babel/plugin-syntax-class-static-block': [ '7.14.5' ],
56 silly audit   '@babel/plugin-syntax-decorators': [ '7.28.6' ],
56 silly audit   '@babel/plugin-syntax-dynamic-import': [ '7.8.3' ],
56 silly audit   '@babel/plugin-syntax-export-default-from': [ '7.28.6' ],
56 silly audit   '@babel/plugin-syntax-flow': [ '7.28.6' ],
56 silly audit   '@babel/plugin-syntax-import-attributes': [ '7.28.6' ],
56 silly audit   '@babel/plugin-syntax-import-meta': [ '7.10.4' ],
56 silly audit   '@babel/plugin-syntax-json-strings': [ '7.8.3' ],
56 silly audit   '@babel/plugin-syntax-jsx': [ '7.28.6' ],
56 silly audit   '@babel/plugin-syntax-logical-assignment-operators': [ '7.10.4' ],
56 silly audit   '@babel/plugin-syntax-nullish-coalescing-operator': [ '7.8.3' ],
56 silly audit   '@babel/plugin-syntax-numeric-separator': [ '7.10.4' ],
56 silly audit   '@babel/plugin-syntax-object-rest-spread': [ '7.8.3' ],
56 silly audit   '@babel/plugin-syntax-optional-catch-binding': [ '7.8.3' ],
56 silly audit   '@babel/plugin-syntax-optional-chaining': [ '7.8.3' ],
56 silly audit   '@babel/plugin-syntax-private-property-in-object': [ '7.14.5' ],
56 silly audit   '@babel/plugin-syntax-top-level-await': [ '7.14.5' ],
56 silly audit   '@babel/plugin-syntax-typescript': [ '7.28.6' ],
56 silly audit   '@babel/plugin-transform-arrow-functions': [ '7.27.1' ],
56 silly audit   '@babel/plugin-transform-async-generator-functions': [ '7.29.0' ],
56 silly audit   '@babel/plugin-transform-async-to-generator': [ '7.28.6' ],
56 silly audit   '@babel/plugin-transform-block-scoping': [ '7.28.6' ],
56 silly audit   '@babel/plugin-transform-class-properties': [ '7.28.6' ],
56 silly audit   '@babel/plugin-transform-class-static-block': [ '7.28.6' ],
56 silly audit   '@babel/plugin-transform-classes': [ '7.28.6' ],
56 silly audit   '@babel/plugin-transform-computed-properties': [ '7.28.6' ],
56 silly audit   '@babel/plugin-transform-destructuring': [ '7.28.5' ],
56 silly audit   '@babel/plugin-transform-export-namespace-from': [ '7.27.1' ],
56 silly audit   '@babel/plugin-transform-flow-strip-types': [ '7.27.1' ],
56 silly audit   '@babel/plugin-transform-for-of': [ '7.27.1' ],
56 silly audit   '@babel/plugin-transform-function-name': [ '7.27.1' ],
56 silly audit   '@babel/plugin-transform-literals': [ '7.27.1' ],
56 silly audit   '@babel/plugin-transform-logical-assignment-operators': [ '7.28.6' ],
56 silly audit   '@babel/plugin-transform-modules-commonjs': [ '7.28.6' ],
56 silly audit   '@babel/plugin-transform-named-capturing-groups-regex': [ '7.29.0' ],
56 silly audit   '@babel/plugin-transform-nullish-coalescing-operator': [ '7.28.6' ],
56 silly audit   '@babel/plugin-transform-numeric-separator': [ '7.28.6' ],
56 silly audit   '@babel/plugin-transform-object-rest-spread': [ '7.28.6' ],
56 silly audit   '@babel/plugin-transform-optional-catch-binding': [ '7.28.6' ],
56 silly audit   '@babel/plugin-transform-optional-chaining': [ '7.28.6' ],
56 silly audit   '@babel/plugin-transform-parameters': [ '7.27.7' ],
56 silly audit   '@babel/plugin-transform-private-methods': [ '7.28.6' ],
56 silly audit   '@babel/plugin-transform-private-property-in-object': [ '7.28.6' ],
56 silly audit   '@babel/plugin-transform-react-display-name': [ '7.28.0' ],
56 silly audit   '@babel/plugin-transform-react-jsx': [ '7.28.6' ],
56 silly audit   '@babel/plugin-transform-react-jsx-development': [ '7.27.1' ],
56 silly audit   '@babel/plugin-transform-react-jsx-self': [ '7.27.1' ],
56 silly audit   '@babel/plugin-transform-react-jsx-source': [ '7.27.1' ],
56 silly audit   '@babel/plugin-transform-react-pure-annotations': [ '7.27.1' ],
56 silly audit   '@babel/plugin-transform-regenerator': [ '7.29.0' ],
56 silly audit   '@babel/plugin-transform-runtime': [ '7.29.0' ],
56 silly audit   '@babel/plugin-transform-shorthand-properties': [ '7.27.1' ],
56 silly audit   '@babel/plugin-transform-spread': [ '7.28.6' ],
56 silly audit   '@babel/plugin-transform-sticky-regex': [ '7.27.1' ],
56 silly audit   '@babel/plugin-transform-typescript': [ '7.28.6' ],
56 silly audit   '@babel/plugin-transform-unicode-regex': [ '7.27.1' ],
56 silly audit   '@babel/preset-react': [ '7.28.5' ],
56 silly audit   '@babel/preset-typescript': [ '7.28.5' ],
56 silly audit   '@babel/runtime': [ '7.29.2' ],
56 silly audit   '@babel/template': [ '7.28.6' ],
56 silly audit   '@babel/traverse': [ '7.29.0' ],
56 silly audit   '@babel/types': [ '7.29.0' ],
56 silly audit   '@expo/code-signing-certificates': [ '0.0.6' ],
56 silly audit   '@expo/config': [ '12.0.13' ],
56 silly audit   '@expo/config-plugins': [ '54.0.4' ],
56 silly audit   'ansi-styles': [ '4.3.0', '3.2.1', '5.2.0' ],
56 silly audit   chalk: [ '4.1.2', '2.4.2' ],
56 silly audit   'color-convert': [ '2.0.1', '1.9.3' ],
56 silly audit   'color-name': [ '1.1.4', '1.1.3' ],
56 silly audit   'has-flag': [ '4.0.0', '3.0.0' ],
56 silly audit   'supports-color': [ '7.2.0', '8.1.1', '5.5.0' ],
56 silly audit   '@expo/config-types': [ '54.0.10' ],
56 silly audit   '@expo/devcert': [ '1.2.1' ],
56 silly audit   debug: [ '3.2.7', '2.6.9', '4.4.3' ],
56 silly audit   '@expo/devtools': [ '0.1.8' ],
56 silly audit   '@expo/env': [ '2.0.11' ],
56 silly audit   '@expo/fingerprint': [ '0.15.5' ],
56 silly audit   '@expo/image-utils': [ '0.8.14' ],
56 silly audit   '@expo/json-file': [ '10.0.14' ],
56 silly audit   '@expo/metro': [ '54.2.0' ],
56 silly audit   '@expo/osascript': [ '2.4.3' ],
56 silly audit   '@expo/package-manager': [ '1.10.5' ],
56 silly audit   '@expo/plist': [ '0.4.8' ],
56 silly audit   '@expo/require-utils': [ '55.0.5' ],
56 silly audit   '@expo/schema-utils': [ '0.1.8' ],
56 silly audit   '@expo/sdk-runtime-versions': [ '1.0.0' ],
56 silly audit   '@expo/spawn-async': [ '1.7.2' ],
56 silly audit   '@expo/sudo-prompt': [ '9.3.2' ],
56 silly audit   '@expo/ws-tunnel': [ '1.0.6' ],
56 silly audit   '@expo/xcpretty': [ '4.4.4' ],
56 silly audit   argparse: [ '2.0.1', '1.0.10' ],
56 silly audit   'js-yaml': [ '4.1.1', '3.14.2' ],
56 silly audit   '@firebase/ai': [ '2.9.0' ],
56 silly audit   '@firebase/analytics': [ '0.10.20' ],
56 silly audit   '@firebase/analytics-compat': [ '0.2.26' ],
56 silly audit   '@firebase/analytics-types': [ '0.8.3' ],
56 silly audit   '@firebase/app': [ '0.14.9' ],
56 silly audit   '@firebase/app-check': [ '0.11.1' ],
56 silly audit   '@firebase/app-check-compat': [ '0.4.1' ],
56 silly audit   '@firebase/app-check-interop-types': [ '0.3.3' ],
56 silly audit   '@firebase/app-check-types': [ '0.5.3' ],
56 silly audit   '@firebase/app-compat': [ '0.5.9' ],
56 silly audit   '@firebase/app-types': [ '0.9.3' ],
56 silly audit   '@firebase/auth': [ '1.12.1' ],
56 silly audit   '@firebase/auth-compat': [ '0.6.3' ],
56 silly audit   '@firebase/auth-interop-types': [ '0.2.4' ],
56 silly audit   '@firebase/auth-types': [ '0.13.0' ],
56 silly audit   '@firebase/component': [ '0.7.1' ],
56 silly audit   '@firebase/data-connect': [ '0.4.0' ],
56 silly audit   '@firebase/database': [ '1.1.1' ],
56 silly audit   '@firebase/database-compat': [ '2.1.1' ],
56 silly audit   '@firebase/database-types': [ '1.0.17' ],
56 silly audit   '@firebase/firestore': [ '4.12.0' ],
56 silly audit   '@firebase/firestore-compat': [ '0.4.6' ],
56 silly audit   '@firebase/firestore-types': [ '3.0.3' ],
56 silly audit   '@firebase/functions': [ '0.13.2' ],
56 silly audit   '@firebase/functions-compat': [ '0.4.2' ],
56 silly audit   '@firebase/functions-types': [ '0.6.3' ],
56 silly audit   '@firebase/installations': [ '0.6.20' ],
56 silly audit   '@firebase/installations-compat': [ '0.2.20' ],
56 silly audit   '@firebase/installations-types': [ '0.5.3' ],
56 silly audit   '@firebase/logger': [ '0.5.0' ],
56 silly audit   '@firebase/messaging': [ '0.12.24' ],
56 silly audit   '@firebase/messaging-compat': [ '0.2.24' ],
56 silly audit   '@firebase/messaging-interop-types': [ '0.2.3' ],
56 silly audit   '@firebase/performance': [ '0.7.10' ],
56 silly audit   '@firebase/performance-compat': [ '0.2.23' ],
56 silly audit   '@firebase/performance-types': [ '0.2.3' ],
56 silly audit   '@firebase/remote-config': [ '0.8.1' ],
56 silly audit   '@firebase/remote-config-compat': [ '0.2.22' ],
56 silly audit   '@firebase/remote-config-types': [ '0.5.0' ],
56 silly audit   '@firebase/storage': [ '0.14.1' ],
56 silly audit   '@firebase/storage-compat': [ '0.4.1' ],
56 silly audit   '@firebase/storage-types': [ '0.8.3' ],
56 silly audit   '@firebase/util': [ '1.14.0' ],
56 silly audit   '@firebase/webchannel-wrapper': [ '1.0.5' ],
56 silly audit   '@grpc/grpc-js': [ '1.9.15' ],
56 silly audit   '@grpc/proto-loader': [ '0.7.15' ],
56 silly audit   '@isaacs/fs-minipass': [ '4.0.1' ],
56 silly audit   '@isaacs/ttlcache': [ '1.4.1' ],
56 silly audit   '@istanbuljs/load-nyc-config': [ '1.1.0' ],
56 silly audit   camelcase: [ '5.3.1', '6.3.0' ],
56 silly audit   '@istanbuljs/schema': [ '0.1.6' ],
56 silly audit   '@jest/create-cache-key-function': [ '29.7.0' ],
56 silly audit   '@jest/environment': [ '29.7.0' ],
56 silly audit   '@jest/fake-timers': [ '29.7.0' ],
56 silly audit   '@jest/schemas': [ '29.6.3' ],
56 silly audit   '@jest/transform': [ '29.7.0' ],
56 silly audit   '@jest/types': [ '29.6.3' ],
56 silly audit   '@jridgewell/gen-mapping': [ '0.3.13' ],
56 silly audit   '@jridgewell/remapping': [ '2.3.5' ],
56 silly audit   '@jridgewell/resolve-uri': [ '3.1.2' ],
56 silly audit   '@jridgewell/source-map': [ '0.3.11' ],
56 silly audit   '@jridgewell/sourcemap-codec': [ '1.5.5' ],
56 silly audit   '@jridgewell/trace-mapping': [ '0.3.31' ],
56 silly audit   '@protobufjs/aspromise': [ '1.1.2' ],
56 silly audit   '@protobufjs/base64': [ '1.1.2' ],
56 silly audit   '@protobufjs/codegen': [ '2.0.5' ],
56 silly audit   '@protobufjs/eventemitter': [ '1.1.0' ],
56 silly audit   '@protobufjs/fetch': [ '1.1.0' ],
56 silly audit   '@protobufjs/float': [ '1.0.2' ],
56 silly audit   '@protobufjs/inquire': [ '1.1.1' ],
56 silly audit   '@protobufjs/path': [ '1.1.2' ],
56 silly audit   '@protobufjs/pool': [ '1.1.0' ],
56 silly audit   '@protobufjs/utf8': [ '1.1.1' ],
56 silly audit   '@react-native-firebase/app': [ '24.0.0' ],
56 silly audit   '@react-native-firebase/auth': [ '24.0.0' ],
56 silly audit   '@react-native-firebase/firestore': [ '24.0.0' ],
56 silly audit   '@react-native/assets-registry': [ '0.81.5' ],
56 silly audit   '@react-native/babel-plugin-codegen': [ '0.81.5' ],
56 silly audit   '@react-native/babel-preset': [ '0.81.5' ],
56 silly audit   '@react-native/codegen': [ '0.81.5' ],
56 silly audit   'balanced-match': [ '1.0.2', '4.0.4' ],
56 silly audit   'brace-expansion': [ '1.1.14', '5.0.6', '2.1.0' ],
56 silly audit   glob: [ '7.2.3', '13.0.6' ],
56 silly audit   'hermes-estree': [ '0.29.1', '0.32.0' ],
56 silly audit   'hermes-parser': [ '0.29.1', '0.32.0' ],
56 silly audit   minimatch: [ '3.1.5', '9.0.9', '10.2.5' ],
56 silly audit   '@react-native/community-cli-plugin': [ '0.81.5' ],
56 silly audit   '@react-native/debugger-frontend': [ '0.81.5' ],
56 silly audit   '@react-native/dev-middleware': [ '0.81.5' ],
56 silly audit   ws: [ '6.2.3', '8.20.0', '7.5.10' ],
56 silly audit   '@react-native/gradle-plugin': [ '0.81.5' ],
56 silly audit   '@react-native/js-polyfills': [ '0.81.5' ],
56 silly audit   '@react-native/normalize-colors': [ '0.81.5' ],
56 silly audit   '@react-navigation/bottom-tabs': [ '7.15.13' ],
56 silly audit   '@react-navigation/core': [ '7.17.4' ],
56 silly audit   'escape-string-regexp': [ '4.0.0', '1.0.5', '2.0.0' ],
56 silly audit   'react-is': [ '19.2.6', '18.3.1' ],
56 silly audit   '@react-navigation/elements': [ '2.9.17' ],
56 silly audit   '@react-navigation/native': [ '7.2.4' ],
56 silly audit   '@react-navigation/routers': [ '7.5.5' ],
56 silly audit   '@sinclair/typebox': [ '0.27.10' ],
56 silly audit   '@sinonjs/commons': [ '3.0.1' ],
56 silly audit   '@sinonjs/fake-timers': [ '10.3.0' ],
56 silly audit   '@types/babel__core': [ '7.20.5' ],
56 silly audit   '@types/babel__generator': [ '7.27.0' ],
56 silly audit   '@types/babel__template': [ '7.4.4' ],
56 silly audit   '@types/babel__traverse': [ '7.28.0' ],
56 silly audit   '@types/graceful-fs': [ '4.1.9' ],
56 silly audit   '@types/istanbul-lib-coverage': [ '2.0.6' ],
56 silly audit   '@types/istanbul-lib-report': [ '3.0.3' ],
56 silly audit   '@types/istanbul-reports': [ '3.0.4' ],
56 silly audit   '@types/node': [ '25.6.2' ],
56 silly audit   '@types/stack-utils': [ '2.0.3' ],
56 silly audit   '@types/yargs': [ '17.0.35' ],
56 silly audit   '@types/yargs-parser': [ '21.0.3' ],
56 silly audit   '@ungap/structured-clone': [ '1.3.1' ],
56 silly audit   '@urql/core': [ '5.2.0' ],
56 silly audit   '@urql/exchange-retry': [ '1.3.2' ],
56 silly audit   '@xmldom/xmldom': [ '0.8.13', '0.9.10' ],
56 silly audit   'abort-controller': [ '3.0.0' ],
56 silly audit   accepts: [ '1.3.8' ],
56 silly audit   acorn: [ '8.16.0' ],
56 silly audit   'agent-base': [ '7.1.4' ],
56 silly audit   anser: [ '1.4.10' ],
56 silly audit   'ansi-escapes': [ '4.3.2' ],
56 silly audit   'type-fest': [ '0.21.3', '0.7.1' ],
56 silly audit   'ansi-regex': [ '5.0.1', '4.1.1' ],
56 silly audit   'any-promise': [ '1.3.0' ],
56 silly audit   anymatch: [ '3.1.3' ],
56 silly audit   arg: [ '5.0.2' ],
56 silly audit   asap: [ '2.0.6' ],
56 silly audit   'async-limiter': [ '1.0.1' ],
56 silly audit   'babel-jest': [ '29.7.0' ],
56 silly audit   'babel-plugin-istanbul': [ '6.1.1' ],
56 silly audit   'babel-plugin-jest-hoist': [ '29.6.3' ],
56 silly audit   'babel-plugin-polyfill-corejs2': [ '0.4.17' ],
56 silly audit   'babel-plugin-polyfill-corejs3': [ '0.13.0' ],
56 silly audit   'babel-plugin-polyfill-regenerator': [ '0.6.8' ],
56 silly audit   'babel-plugin-react-compiler': [ '1.0.0' ],
56 silly audit   'babel-plugin-react-native-web': [ '0.21.2' ],
56 silly audit   'babel-plugin-syntax-hermes-parser': [ '0.29.1' ],
56 silly audit   'babel-plugin-transform-flow-enums': [ '0.0.2' ],
56 silly audit   'babel-preset-current-node-syntax': [ '1.2.0' ],
56 silly audit   'babel-preset-jest': [ '29.6.3' ],
56 silly audit   'base64-js': [ '1.5.1' ],
56 silly audit   'baseline-browser-mapping': [ '2.10.29' ],
56 silly audit   'better-opn': [ '3.0.2' ],
56 silly audit   open: [ '8.4.2', '7.4.2' ],
56 silly audit   'big-integer': [ '1.6.52' ],
56 silly audit   'bplist-creator': [ '0.1.0' ],
56 silly audit   'bplist-parser': [ '0.3.1' ],
56 silly audit   braces: [ '3.0.3' ],
56 silly audit   browserslist: [ '4.28.2' ],
56 silly audit   bser: [ '2.1.1' ],
56 silly audit   buffer: [ '5.7.1' ],
56 silly audit   'buffer-from': [ '1.1.2' ],
56 silly audit   bytes: [ '3.1.2' ],
56 silly audit   'caniuse-lite': [ '1.0.30001792' ],
56 silly audit   chownr: [ '3.0.0' ],
56 silly audit   'chrome-launcher': [ '0.15.2' ],
56 silly audit   'chromium-edge-launcher': [ '0.2.0' ],
56 silly audit   'ci-info': [ '2.0.0', '3.9.0' ],
56 silly audit   'cli-cursor': [ '2.1.0' ],
56 silly audit   'cli-spinners': [ '2.9.2' ],
56 silly audit   cliui: [ '8.0.1' ],
56 silly audit   clone: [ '1.0.4' ],
56 silly audit   color: [ '4.2.3' ],
56 silly audit   'color-string': [ '1.9.1' ],
56 silly audit   commander: [ '7.2.0', '12.1.0', '4.1.1', '2.20.3' ],
56 silly audit   compressible: [ '2.0.18' ],
56 silly audit   compression: [ '1.8.1' ],
56 silly audit   ms: [ '2.0.0', '2.1.3' ],
56 silly audit   negotiator: [ '0.6.4', '0.6.3' ],
56 silly audit   'concat-map': [ '0.0.1' ],
56 silly audit   connect: [ '3.7.0' ],
56 silly audit   'convert-source-map': [ '2.0.0' ],
56 silly audit   'core-js-compat': [ '3.49.0' ],
56 silly audit   'cross-spawn': [ '7.0.6' ],
56 silly audit   'decode-uri-component': [ '0.2.2' ],
56 silly audit   'deep-extend': [ '0.6.0' ],
56 silly audit   deepmerge: [ '4.3.1' ],
56 silly audit   defaults: [ '1.0.4' ],
56 silly audit   'define-lazy-prop': [ '2.0.0' ],
56 silly audit   depd: [ '2.0.0' ],
56 silly audit   destroy: [ '1.2.0' ],
56 silly audit   'detect-libc': [ '2.1.2' ],
56 silly audit   dotenv: [ '16.4.7' ],
56 silly audit   'dotenv-expand': [ '11.0.7' ],
56 silly audit   'ee-first': [ '1.1.1' ],
56 silly audit   'electron-to-chromium': [ '1.5.353' ],
56 silly audit   'emoji-regex': [ '8.0.0' ],
56 silly audit   encodeurl: [ '1.0.2', '2.0.0' ],
56 silly audit   'env-editor': [ '0.4.2' ],
56 silly audit   'error-stack-parser': [ '2.1.4' ],
56 silly audit   'es-errors': [ '1.3.0' ],
56 silly audit   escalade: [ '3.2.0' ],
56 silly audit   'escape-html': [ '1.0.3' ],
56 silly audit   esprima: [ '4.0.1' ],
56 silly audit   etag: [ '1.8.1' ],
56 silly audit   'event-target-shim': [ '5.0.1' ],
56 silly audit   expo: [ '54.0.34' ],
56 silly audit   'expo-modules-autolinking': [ '3.0.25' ],
56 silly audit   'expo-modules-core': [ '3.0.30' ],
56 silly audit   'expo-server': [ '1.0.6' ],
56 silly audit   'expo-status-bar': [ '3.0.9' ],
56 silly audit   '@expo/cli': [ '54.0.24' ],
56 silly audit   '@expo/prebuild-config': [ '54.0.8' ],
56 silly audit   '@expo/metro-config': [ '54.0.15' ],
56 silly audit   '@expo/vector-icons': [ '15.1.1' ],
56 silly audit   'babel-preset-expo': [ '54.0.10' ],
56 silly audit   'expo-asset': [ '12.0.13' ],
56 silly audit   'expo-constants': [ '18.0.13' ],
56 silly audit   'expo-file-system': [ '19.0.22' ],
56 silly audit   'expo-font': [ '14.0.11' ],
56 silly audit   'expo-keep-awake': [ '15.0.8' ],
56 silly audit   picomatch: [ '4.0.4', '2.3.2' ],
56 silly audit   'exponential-backoff': [ '3.1.3' ],
56 silly audit   'fast-deep-equal': [ '3.1.3' ],
56 silly audit   'fast-json-stable-stringify': [ '2.1.0' ],
56 silly audit   'faye-websocket': [ '0.11.4' ],
56 silly audit   'fb-watchman': [ '2.0.2' ],
56 silly audit   'fill-range': [ '7.1.1' ],
56 silly audit   'filter-obj': [ '1.1.0' ],
56 silly audit   finalhandler: [ '1.1.2' ],
56 silly audit   'find-up': [ '4.1.0' ],
56 silly audit   firebase: [ '12.10.0' ],
56 silly audit   'flow-enums-runtime': [ '0.0.6' ],
56 silly audit   fontfaceobserver: [ '2.3.0' ],
56 silly audit   'freeport-async': [ '2.0.0' ],
56 silly audit   fresh: [ '0.5.2' ],
56 silly audit   'fs.realpath': [ '1.0.0' ],
56 silly audit   fsevents: [ '2.3.3' ],
56 silly audit   'function-bind': [ '1.1.2' ],
56 silly audit   gensync: [ '1.0.0-beta.2' ],
56 silly audit   'get-caller-file': [ '2.0.5' ],
56 silly audit   'get-package-type': [ '0.1.0' ],
56 silly audit   getenv: [ '2.0.0' ],
56 silly audit   'graceful-fs': [ '4.2.11' ],
56 silly audit   hasown: [ '2.0.3' ],
56 silly audit   'hosted-git-info': [ '7.0.2' ],
56 silly audit   'lru-cache': [ '10.4.3', '5.1.1', '11.3.6' ],
56 silly audit   'http-errors': [ '2.0.1' ],
56 silly audit   statuses: [ '2.0.2', '1.5.0' ],
56 silly audit   'http-parser-js': [ '0.5.10' ],
56 silly audit   'https-proxy-agent': [ '7.0.6' ],
56 silly audit   idb: [ '7.1.1' ],
56 silly audit   ieee754: [ '1.2.1' ],
56 silly audit   ignore: [ '5.3.2' ],
56 silly audit   'image-size': [ '1.2.1' ],
56 silly audit   imurmurhash: [ '0.1.4' ],
56 silly audit   inflight: [ '1.0.6' ],
56 silly audit   inherits: [ '2.0.4' ],
56 silly audit   ini: [ '1.3.8' ],
56 silly audit   invariant: [ '2.2.4' ],
56 silly audit   'is-arrayish': [ '0.3.4' ],
56 silly audit   'is-core-module': [ '2.16.2' ],
56 silly audit   'is-docker': [ '2.2.1' ],
56 silly audit   'is-fullwidth-code-point': [ '3.0.0' ],
56 silly audit   'is-number': [ '7.0.0' ],
56 silly audit   'is-wsl': [ '2.2.0' ],
56 silly audit   isexe: [ '2.0.0' ],
56 silly audit   'istanbul-lib-coverage': [ '3.2.2' ],
56 silly audit   'istanbul-lib-instrument': [ '5.2.1' ],
56 silly audit   'jest-environment-node': [ '29.7.0' ],
56 silly audit   'jest-get-type': [ '29.6.3' ],
56 silly audit   'jest-haste-map': [ '29.7.0' ],
56 silly audit   'jest-message-util': [ '29.7.0' ],
56 silly audit   'jest-mock': [ '29.7.0' ],
56 silly audit   'jest-regex-util': [ '29.6.3' ],
56 silly audit   'jest-util': [ '29.7.0' ],
56 silly audit   'jest-validate': [ '29.7.0' ],
56 silly audit   'jest-worker': [ '29.7.0' ],
56 silly audit   'jimp-compact': [ '0.16.1' ],
56 silly audit   'js-tokens': [ '4.0.0' ],
56 silly audit   'jsc-safe-url': [ '0.2.4' ],
56 silly audit   jsesc: [ '3.1.0' ],
56 silly audit   json5: [ '2.2.3' ],
56 silly audit   kleur: [ '3.0.3' ],
56 silly audit   'lan-network': [ '0.2.1' ],
56 silly audit   leven: [ '3.1.0' ],
56 silly audit   'lighthouse-logger': [ '1.4.2' ],
56 silly audit   lightningcss: [ '1.32.0' ],
56 silly audit   'lightningcss-android-arm64': [ '1.32.0' ],
56 silly audit   'lightningcss-darwin-arm64': [ '1.32.0' ],
56 silly audit   'lightningcss-darwin-x64': [ '1.32.0' ],
56 silly audit   'lightningcss-freebsd-x64': [ '1.32.0' ],
56 silly audit   'lightningcss-linux-arm-gnueabihf': [ '1.32.0' ],
56 silly audit   'lightningcss-linux-arm64-gnu': [ '1.32.0' ],
56 silly audit   'lightningcss-linux-arm64-musl': [ '1.32.0' ],
56 silly audit   'lightningcss-linux-x64-gnu': [ '1.32.0' ],
56 silly audit   'lightningcss-linux-x64-musl': [ '1.32.0' ],
56 silly audit   'lightningcss-win32-arm64-msvc': [ '1.32.0' ],
56 silly audit   'lightningcss-win32-x64-msvc': [ '1.32.0' ],
56 silly audit   'lines-and-columns': [ '1.2.4' ],
56 silly audit   'locate-path': [ '5.0.0' ],
56 silly audit   'lodash.camelcase': [ '4.3.0' ],
56 silly audit   'lodash.debounce': [ '4.0.8' ],
56 silly audit   'lodash.throttle': [ '4.1.1' ],
56 silly audit   'log-symbols': [ '2.2.0' ],
56 silly audit   long: [ '5.3.2' ],
56 silly audit   'loose-envify': [ '1.4.0' ],
56 silly audit   makeerror: [ '1.0.12' ],
56 silly audit   marky: [ '1.3.0' ],
56 silly audit   'memoize-one': [ '5.2.1' ],
56 silly audit   'merge-stream': [ '2.0.0' ],
56 silly audit   metro: [ '0.83.3' ],
56 silly audit   'metro-babel-transformer': [ '0.83.3' ],
56 silly audit   'metro-cache': [ '0.83.3' ],
56 silly audit   'metro-cache-key': [ '0.83.3' ],
56 silly audit   'metro-config': [ '0.83.3' ],
56 silly audit   'metro-core': [ '0.83.3' ],
56 silly audit   'metro-file-map': [ '0.83.3' ],
56 silly audit   'metro-minify-terser': [ '0.83.3' ],
56 silly audit   'metro-resolver': [ '0.83.3' ],
56 silly audit   'metro-runtime': [ '0.83.3' ],
56 silly audit   'metro-source-map': [ '0.83.3' ],
56 silly audit   'metro-symbolicate': [ '0.83.3' ],
56 silly audit   'metro-transform-plugins': [ '0.83.3' ],
56 silly audit   'metro-transform-worker': [ '0.83.3' ],
56 silly audit   micromatch: [ '4.0.8' ],
56 silly audit   mime: [ '1.6.0' ],
56 silly audit   'mime-db': [ '1.52.0' ],
56 silly audit   'mime-types': [ '2.1.35' ],
56 silly audit   'mimic-fn': [ '1.2.0' ],
56 silly audit   minimist: [ '1.2.8' ],
56 silly audit   minipass: [ '7.1.3' ],
56 silly audit   minizlib: [ '3.1.0' ],
56 silly audit   mkdirp: [ '1.0.4' ],
56 silly audit   mz: [ '2.7.0' ],
56 silly audit   nanoid: [ '3.3.12' ],
56 silly audit   'nested-error-stacks': [ '2.0.1' ],
56 silly audit   'node-forge': [ '1.4.0' ],
56 silly audit   'node-int64': [ '0.4.0' ],
56 silly audit   'node-releases': [ '2.0.38' ],
56 silly audit   'normalize-path': [ '3.0.0' ],
56 silly audit   'npm-package-arg': [ '11.0.3' ],
56 silly audit   nullthrows: [ '1.1.1' ],
56 silly audit   ob1: [ '0.83.3' ],
56 silly audit   'object-assign': [ '4.1.1' ],
56 silly audit   'on-finished': [ '2.3.0', '2.4.1' ],
56 silly audit   'on-headers': [ '1.1.0' ],
56 silly audit   once: [ '1.4.0' ],
56 silly audit   onetime: [ '2.0.1' ],
56 silly audit   ora: [ '3.4.0' ],
56 silly audit   'strip-ansi': [ '5.2.0', '6.0.1' ],
56 silly audit   'p-limit': [ '3.1.0', '2.3.0' ],
56 silly audit   'p-locate': [ '4.1.0' ],
56 silly audit   'p-try': [ '2.2.0' ],
56 silly audit   'parse-png': [ '2.1.0' ],
56 silly audit   parseurl: [ '1.3.3' ],
56 silly audit   'path-exists': [ '4.0.0' ],
56 silly audit   'path-is-absolute': [ '1.0.1' ],
56 silly audit   'path-key': [ '3.1.1' ],
56 silly audit   'path-parse': [ '1.0.7' ],
56 silly audit   'path-scurry': [ '2.0.2' ],
56 silly audit   picocolors: [ '1.1.1' ],
56 silly audit   pirates: [ '4.0.7' ],
56 silly audit   plist: [ '3.1.1' ],
56 silly audit   pngjs: [ '3.4.0' ],
56 silly audit   postcss: [ '8.4.49' ],
56 silly audit   'pretty-bytes': [ '5.6.0' ],
56 silly audit   'pretty-format': [ '29.7.0' ],
56 silly audit   'proc-log': [ '4.2.0' ],
56 silly audit   progress: [ '2.0.3' ],
56 silly audit   promise: [ '8.3.0' ],
56 silly audit   prompts: [ '2.4.2' ],
56 silly audit   protobufjs: [ '7.5.7' ],
56 silly audit   punycode: [ '2.3.1' ],
56 silly audit   'qrcode-terminal': [ '0.11.0' ],
56 silly audit   'query-string': [ '7.1.3' ],
56 silly audit   queue: [ '6.0.2' ],
56 silly audit   'range-parser': [ '1.2.1' ],
56 silly audit   rc: [ '1.2.8' ],
56 silly audit   react: [ '19.1.0' ],
56 silly audit   'react-devtools-core': [ '6.1.5' ],
56 silly audit   'react-freeze': [ '1.0.4' ],
56 silly audit   'react-native': [ '0.81.5' ],
56 silly audit   'react-native-is-edge-to-edge': [ '1.3.1' ],
56 silly audit   'react-native-safe-area-context': [ '5.7.0' ],
56 silly audit   'react-native-screens': [ '4.24.0' ],
56 silly audit   'react-native-url-polyfill': [ '3.0.0' ],
56 silly audit   '@react-native/virtualized-lists': [ '0.81.5' ],
56 silly audit   'react-refresh': [ '0.14.2' ],
56 silly audit   regenerate: [ '1.4.2' ],
56 silly audit   'regenerate-unicode-properties': [ '10.2.2' ],
56 silly audit   'regenerator-runtime': [ '0.13.11' ],
56 silly audit   'regexpu-core': [ '6.4.0' ],
56 silly audit   regjsgen: [ '0.8.0' ],
56 silly audit   regjsparser: [ '0.13.1' ],
56 silly audit   'require-directory': [ '2.1.1' ],
56 silly audit   'require-from-string': [ '2.0.2' ],
56 silly audit   requireg: [ '0.2.2' ],
56 silly audit   resolve: [ '1.7.1', '1.22.12' ],
56 silly audit   'resolve-from': [ '5.0.0' ],
56 silly audit   'resolve-workspace-root': [ '2.0.1' ],
56 silly audit   'resolve.exports': [ '2.0.3' ],
56 silly audit   'restore-cursor': [ '2.0.0' ],
56 silly audit   rimraf: [ '3.0.2' ],
56 silly audit   'safe-buffer': [ '5.2.1' ],
56 silly audit   sax: [ '1.6.0' ],
56 silly audit   scheduler: [ '0.26.0' ],
56 silly audit   send: [ '0.19.2' ],
56 silly audit   'serialize-error': [ '2.1.0' ],
56 silly audit   'serve-static': [ '1.16.3' ],
56 silly audit   setprototypeof: [ '1.2.0' ],
56 silly audit   'sf-symbols-typescript': [ '2.2.0' ],
56 silly audit   'shebang-command': [ '2.0.0' ],
56 silly audit   'shebang-regex': [ '3.0.0' ],
56 silly audit   'shell-quote': [ '1.8.3' ],
56 silly audit   'signal-exit': [ '3.0.7' ],
56 silly audit   'simple-plist': [ '1.3.1' ],
56 silly audit   'simple-swizzle': [ '0.2.4' ],
56 silly audit   sisteransi: [ '1.0.5' ],
56 silly audit   slash: [ '3.0.0' ],
56 silly audit   slugify: [ '1.6.9' ],
56 silly audit   'source-map': [ '0.5.7', '0.6.1' ],
56 silly audit   'source-map-js': [ '1.2.1' ],
56 silly audit   'source-map-support': [ '0.5.21' ],
56 silly audit   'split-on-first': [ '1.1.0' ],
56 silly audit   'sprintf-js': [ '1.0.3' ],
56 silly audit   'stack-utils': [ '2.0.6' ],
56 silly audit   stackframe: [ '1.3.4' ],
56 silly audit   'stacktrace-parser': [ '0.1.11' ],
56 silly audit   'stream-buffers': [ '2.2.0' ],
56 silly audit   'strict-uri-encode': [ '2.0.0' ],
56 silly audit   'string-width': [ '4.2.3' ],
56 silly audit   'strip-json-comments': [ '2.0.1' ],
56 silly audit   'structured-headers': [ '0.4.1' ],
56 silly audit   sucrase: [ '3.35.1' ],
56 silly audit   'supports-hyperlinks': [ '2.3.0' ],
56 silly audit   'supports-preserve-symlinks-flag': [ '1.0.0' ],
56 silly audit   tar: [ '7.5.15' ],
56 silly audit   yallist: [ '5.0.0', '3.1.1' ],
56 silly audit   'terminal-link': [ '2.1.1' ],
56 silly audit   terser: [ '5.47.1' ],
56 silly audit   'test-exclude': [ '6.0.0' ],
56 silly audit   thenify: [ '3.3.1' ],
56 silly audit   'thenify-all': [ '1.6.0' ],
56 silly audit   throat: [ '5.0.0' ],
56 silly audit   tinyglobby: [ '0.2.16' ],
56 silly audit   fdir: [ '6.5.0' ],
56 silly audit   tmpl: [ '1.0.5' ],
56 silly audit   'to-regex-range': [ '5.0.1' ],
56 silly audit   toidentifier: [ '1.0.1' ],
56 silly audit   'ts-interface-checker': [ '0.1.13' ],
56 silly audit   tslib: [ '2.8.1' ],
56 silly audit   'type-detect': [ '4.0.8' ],
56 silly audit   undici: [ '6.25.0' ],
56 silly audit   'undici-types': [ '7.19.2' ],
56 silly audit   'unicode-canonical-property-names-ecmascript': [ '2.0.1' ],
56 silly audit   'unicode-match-property-ecmascript': [ '2.0.0' ],
56 silly audit   'unicode-match-property-value-ecmascript': [ '2.2.1' ],
56 silly audit   'unicode-property-aliases-ecmascript': [ '2.2.0' ],
56 silly audit   unpipe: [ '1.0.0' ],
56 silly audit   'update-browserslist-db': [ '1.2.3' ],
56 silly audit   'use-latest-callback': [ '0.2.6' ],
56 silly audit   'use-sync-external-store': [ '1.6.0' ],
56 silly audit   'utils-merge': [ '1.0.1' ],
56 silly audit   uuid: [ '7.0.3' ],
56 silly audit   'validate-npm-package-name': [ '5.0.1' ],
56 silly audit   vary: [ '1.1.2' ],
56 silly audit   vlq: [ '1.0.1' ],
56 silly audit   walker: [ '1.0.8' ],
56 silly audit   'warn-once': [ '0.1.1' ],
56 silly audit   wcwidth: [ '1.0.1' ],
56 silly audit   'web-vitals': [ '4.2.4' ],
56 silly audit   'webidl-conversions': [ '5.0.0' ],
56 silly audit   'websocket-driver': [ '0.7.4' ],
56 silly audit   'websocket-extensions': [ '0.1.4' ],
56 silly audit   'whatwg-fetch': [ '3.6.20' ],
56 silly audit   'whatwg-url-without-unicode': [ '8.0.0-3' ],
56 silly audit   which: [ '2.0.2' ],
56 silly audit   wonka: [ '6.3.6' ],
56 silly audit   'wrap-ansi': [ '7.0.0' ],
56 silly audit   wrappy: [ '1.0.2' ],
56 silly audit   'write-file-atomic': [ '4.0.2' ],
56 silly audit   xcode: [ '3.0.1' ],
56 silly audit   xml2js: [ '0.6.0' ],
56 silly audit   xmlbuilder: [ '11.0.1', '15.1.1' ],
56 silly audit   y18n: [ '5.0.8' ],
56 silly audit   yaml: [ '2.8.4' ],
56 silly audit   yargs: [ '17.7.2' ],
56 silly audit   'yargs-parser': [ '21.1.1' ],
56 silly audit   'yocto-queue': [ '0.1.0' ],
56 silly audit   'expo-speech': [ '55.0.13' ]
56 silly audit }
57 verbose reify failed optional dependency /Users/erianedias/Documents/GitHub/cfalingo-app/node_modules/lightningcss-win32-x64-msvc
58 silly reify mark deleted [
58 silly reify   '/Users/erianedias/Documents/GitHub/cfalingo-app/node_modules/lightningcss-win32-x64-msvc'
58 silly reify ]
59 verbose reify failed optional dependency /Users/erianedias/Documents/GitHub/cfalingo-app/node_modules/lightningcss-win32-arm64-msvc
60 silly reify mark deleted [
60 silly reify   '/Users/erianedias/Documents/GitHub/cfalingo-app/node_modules/lightningcss-win32-arm64-msvc'
60 silly reify ]
61 verbose reify failed optional dependency /Users/erianedias/Documents/GitHub/cfalingo-app/node_modules/lightningcss-linux-x64-musl
62 silly reify mark deleted [
62 silly reify   '/Users/erianedias/Documents/GitHub/cfalingo-app/node_modules/lightningcss-linux-x64-musl'
62 silly reify ]
63 verbose reify failed optional dependency /Users/erianedias/Documents/GitHub/cfalingo-app/node_modules/lightningcss-linux-x64-gnu
64 silly reify mark deleted [
64 silly reify   '/Users/erianedias/Documents/GitHub/cfalingo-app/node_modules/lightningcss-linux-x64-gnu'
64 silly reify ]
65 verbose reify failed optional dependency /Users/erianedias/Documents/GitHub/cfalingo-app/node_modules/lightningcss-linux-arm64-musl
66 silly reify mark deleted [
66 silly reify   '/Users/erianedias/Documents/GitHub/cfalingo-app/node_modules/lightningcss-linux-arm64-musl'
66 silly reify ]
67 verbose reify failed optional dependency /Users/erianedias/Documents/GitHub/cfalingo-app/node_modules/lightningcss-linux-arm64-gnu
68 silly reify mark deleted [
68 silly reify   '/Users/erianedias/Documents/GitHub/cfalingo-app/node_modules/lightningcss-linux-arm64-gnu'
68 silly reify ]
69 verbose reify failed optional dependency /Users/erianedias/Documents/GitHub/cfalingo-app/node_modules/lightningcss-linux-arm-gnueabihf
70 silly reify mark deleted [
70 silly reify   '/Users/erianedias/Documents/GitHub/cfalingo-app/node_modules/lightningcss-linux-arm-gnueabihf'
70 silly reify ]
71 verbose reify failed optional dependency /Users/erianedias/Documents/GitHub/cfalingo-app/node_modules/lightningcss-freebsd-x64
72 silly reify mark deleted [
72 silly reify   '/Users/erianedias/Documents/GitHub/cfalingo-app/node_modules/lightningcss-freebsd-x64'
72 silly reify ]
73 verbose reify failed optional dependency /Users/erianedias/Documents/GitHub/cfalingo-app/node_modules/lightningcss-darwin-arm64
74 silly reify mark deleted [
74 silly reify   '/Users/erianedias/Documents/GitHub/cfalingo-app/node_modules/lightningcss-darwin-arm64'
74 silly reify ]
75 verbose reify failed optional dependency /Users/erianedias/Documents/GitHub/cfalingo-app/node_modules/lightningcss-android-arm64
76 silly reify mark deleted [
76 silly reify   '/Users/erianedias/Documents/GitHub/cfalingo-app/node_modules/lightningcss-android-arm64'
76 silly reify ]
77 http cache expo-speech@https://registry.npmjs.org/expo-speech/-/expo-speech-55.0.13.tgz 0ms (cache hit)
78 silly tarball no local data for expo-speech@https://registry.npmjs.org/expo-speech/-/expo-speech-55.0.13.tgz. Extracting by manifest.
79 http fetch GET 200 https://registry.npmjs.org/expo-speech/-/expo-speech-55.0.13.tgz 183ms (cache miss)
80 http fetch POST 200 https://registry.npmjs.org/-/npm/v1/security/advisories/bulk 625ms
81 silly audit report {
81 silly audit report   postcss: [
81 silly audit report     {
81 silly audit report       id: 1117015,
81 silly audit report       url: 'https://github.com/advisories/GHSA-qx2v-qp2m-jg93',
81 silly audit report       title: 'PostCSS has XSS via Unescaped </style> in its CSS Stringify Output',
81 silly audit report       severity: 'moderate',
81 silly audit report       vulnerable_versions: '<8.5.10',
81 silly audit report       cwe: [Array],
81 silly audit report       cvss: [Object]
81 silly audit report     }
81 silly audit report   ]
81 silly audit report }
82 silly packumentCache corgi:https://registry.npmjs.org/postcss cache-miss
83 http cache https://registry.npmjs.org/postcss 223ms (cache hit)
84 silly packumentCache corgi:https://registry.npmjs.org/postcss set size:343873 disposed:false
85 silly packumentCache corgi:https://registry.npmjs.org/@expo%2fmetro-config cache-miss
86 http cache https://registry.npmjs.org/@expo%2fmetro-config 10ms (cache hit)
87 silly packumentCache corgi:https://registry.npmjs.org/@expo%2fmetro-config set size:558310 disposed:false
88 silly packumentCache corgi:https://registry.npmjs.org/expo cache-miss
89 silly packumentCache corgi:https://registry.npmjs.org/@expo%2fcli cache-miss
90 http fetch GET 200 https://registry.npmjs.org/expo 60ms (cache revalidated)
91 silly packumentCache corgi:https://registry.npmjs.org/expo set size:1717624 disposed:false
92 http fetch GET 200 https://registry.npmjs.org/@expo%2fcli 102ms (cache revalidated)
93 silly packumentCache corgi:https://registry.npmjs.org/@expo%2fcli set size:1565362 disposed:false
94 silly packumentCache corgi:https://registry.npmjs.org/@react-native-firebase%2fapp cache-miss
95 silly packumentCache corgi:https://registry.npmjs.org/@react-native-firebase%2fauth cache-miss
96 silly packumentCache corgi:https://registry.npmjs.org/@expo%2fprebuild-config cache-miss
97 silly packumentCache corgi:https://registry.npmjs.org/babel-preset-expo cache-miss
98 silly packumentCache corgi:https://registry.npmjs.org/expo-asset cache-miss
99 silly packumentCache corgi:https://registry.npmjs.org/expo-constants cache-miss
100 silly packumentCache corgi:https://registry.npmjs.org/expo-file-system cache-miss
101 silly packumentCache corgi:https://registry.npmjs.org/expo-font cache-miss
102 silly packumentCache corgi:https://registry.npmjs.org/expo-keep-awake cache-miss
103 silly packumentCache corgi:https://registry.npmjs.org/expo-speech cache-miss
104 http cache https://registry.npmjs.org/@react-native-firebase%2fauth 150ms (cache hit)
105 silly packumentCache corgi:https://registry.npmjs.org/@react-native-firebase%2fauth set size:418577 disposed:false
106 http cache https://registry.npmjs.org/@react-native-firebase%2fapp 158ms (cache hit)
107 silly packumentCache corgi:https://registry.npmjs.org/@react-native-firebase%2fapp set size:422442 disposed:false
108 http fetch GET 200 https://registry.npmjs.org/@expo%2fprebuild-config 168ms (cache revalidated)
109 silly packumentCache corgi:https://registry.npmjs.org/@expo%2fprebuild-config set size:366981 disposed:false
110 http fetch GET 200 https://registry.npmjs.org/babel-preset-expo 173ms (cache revalidated)
111 silly packumentCache corgi:https://registry.npmjs.org/babel-preset-expo set size:498654 disposed:false
112 http fetch GET 200 https://registry.npmjs.org/expo-file-system 244ms (cache revalidated)
113 silly packumentCache corgi:https://registry.npmjs.org/expo-file-system set size:283910 disposed:false
114 http fetch GET 200 https://registry.npmjs.org/expo-font 249ms (cache revalidated)
115 silly packumentCache corgi:https://registry.npmjs.org/expo-font set size:235099 disposed:false
116 http fetch GET 200 https://registry.npmjs.org/expo-keep-awake 257ms (cache revalidated)
117 silly packumentCache corgi:https://registry.npmjs.org/expo-keep-awake set size:187483 disposed:false
118 http fetch GET 200 https://registry.npmjs.org/expo-asset 263ms (cache revalidated)
119 silly packumentCache corgi:https://registry.npmjs.org/expo-asset set size:293353 disposed:false
120 http fetch GET 200 https://registry.npmjs.org/expo-constants 281ms (cache revalidated)
121 silly packumentCache corgi:https://registry.npmjs.org/expo-constants set size:279227 disposed:false
122 http fetch GET 200 https://registry.npmjs.org/expo-speech 471ms (cache miss)
123 silly packumentCache corgi:https://registry.npmjs.org/expo-speech set size:undefined disposed:false
124 silly ADD node_modules/expo-speech
125 silly ADD
126 silly ADD
127 silly ADD
128 silly ADD
129 silly ADD
130 silly ADD
131 silly ADD
132 silly ADD
133 silly ADD
134 silly ADD
135 verbose cwd /Users/erianedias/Documents/GitHub/cfalingo-app
136 verbose os Darwin 24.6.0
137 verbose node v22.14.0
138 verbose npm  v11.2.0
139 verbose exit 0
140 info ok
